2020-06-23 17:32:20,297  INFO [main] Library:16 - Launching browser for TC_11_CRM
2020-06-23 17:32:20,301  INFO [main] Library:49 - Starting with Browser Set Up
2020-06-23 17:32:24,432  INFO [main] Library:57 - Identified the browser as chrome. Launching the browser
2020-06-23 17:32:30,264  INFO [main] Library:87 - Launched the FreeCRM Application
2020-06-23 17:32:31,401  INFO [main] Library:34 - Closing browser for TC_11_CRM
2020-06-23 17:32:32,231  INFO [main] Library:92 - Exiting the application and closing the browser
2020-06-23 17:33:03,526  INFO [main] Library:16 - Launching browser for TC_11_CRM
2020-06-23 17:33:03,530  INFO [main] Library:49 - Starting with Browser Set Up
2020-06-23 17:33:08,024  INFO [main] Library:57 - Identified the browser as chrome. Launching the browser
2020-06-23 17:33:12,159  INFO [main] Library:87 - Launched the FreeCRM Application
2020-06-23 17:33:14,652  INFO [main] Library:35 - Closing browser for TC_11_CRM
2020-06-23 17:33:15,479  INFO [main] Library:92 - Exiting the application and closing the browser
2020-06-23 17:33:27,861  INFO [main] Library:16 - Launching browser for TC_11_CRM
2020-06-23 17:33:27,864  INFO [main] Library:49 - Starting with Browser Set Up
2020-06-23 17:33:33,133  INFO [main] Library:57 - Identified the browser as chrome. Launching the browser
2020-06-23 17:33:37,152  INFO [main] Library:87 - Launched the FreeCRM Application
2020-06-23 17:33:41,399  INFO [main] Library:35 - Closing browser for TC_11_CRM
2020-06-23 17:33:42,939  INFO [main] Library:92 - Exiting the application and closing the browser
2020-06-23 18:46:01,768  INFO [main] Library:16 - Launching browser for TC_11_CRM
2020-06-23 18:46:01,768  INFO [main] Library:49 - Starting with Browser Set Up
2020-06-23 18:46:09,971  INFO [main] Library:57 - Identified the browser as chrome. Launching the browser
2020-06-23 18:46:14,607  INFO [main] Library:87 - Launched the FreeCRM Application
2020-06-23 18:46:18,685  INFO [main] Library:35 - Closing browser for TC_11_CRM
2020-06-23 18:46:19,645  INFO [main] Library:92 - Exiting the application and closing the browser
2020-06-23 18:47:21,891  INFO [main] Library:16 - Launching browser for TC_11_CRM
2020-06-23 18:47:21,907  INFO [main] Library:49 - Starting with Browser Set Up
2020-06-23 18:47:26,120  INFO [main] Library:57 - Identified the browser as chrome. Launching the browser
2020-06-23 18:47:30,418  INFO [main] Library:87 - Launched the FreeCRM Application
2020-06-23 18:47:33,903  INFO [main] Library:41 - Closing browser for TC_11_CRM
2020-06-23 18:47:37,412  INFO [main] Library:92 - Exiting the application and closing the browser
2020-06-23 18:52:03,227  INFO [main] Library:16 - Launching browser for TC_11_CRM
2020-06-23 18:52:03,227  INFO [main] Library:49 - Starting with Browser Set Up
2020-06-23 18:52:07,575  INFO [main] Library:57 - Identified the browser as chrome. Launching the browser
2020-06-23 18:52:11,954  INFO [main] Library:87 - Launched the FreeCRM Application
2020-06-23 18:52:18,466  INFO [main] Library:41 - Closing browser for TC_11_CRM
2020-06-23 18:52:19,369  INFO [main] Library:92 - Exiting the application and closing the browser
